This file contains any messages produced by compilers while
running configure, to aid debugging if configure makes a mistake.

It was created by libyubikey configure 1.13, which was
generated by GNU Autoconf 2.69.  Invocation command line was

  $ ./configure 

## --------- ##
## Platform. ##
## --------- ##

hostname = caprica.local
uname -m = x86_64
uname -r = 17.2.0
uname -s = Darwin
uname -v = Darwin Kernel Version 17.2.0: Fri Sep 29 18:27:05 PDT 2017; root:xnu-4570.20.62~3/RELEASE_X86_64

/usr/bin/uname -p = i386
/bin/uname -X     = unknown

/bin/arch              = unknown
/usr/bin/arch -k       = unknown
/usr/convex/getsysinfo = unknown
/usr/bin/hostinfo      = Mach kernel version:
	 Darwin Kernel Version 17.2.0: Fri Sep 29 18:27:05 PDT 2017; root:xnu-4570.20.62~3/RELEASE_X86_64
Kernel configured for up to 4 processors.
2 processors are physically available.
4 processors are logically available.
Processor type: x86_64h (Intel x86-64h Haswell)
Processors active: 0 1 2 3
Primary memory available: 16.00 gigabytes
Default processor set: 401 tasks, 2435 threads, 4 processors
Load average: 8.43, Mach factor: 0.44
/bin/machine           = unknown
/usr/bin/oslevel       = unknown
/bin/universe          = unknown

PATH: /Users/dkastner/emsdk
PATH: /Users/dkastner/emsdk/clang/e1.38.14_64bit
PATH: /Users/dkastner/emsdk/node/8.9.1_64bit/bin
PATH: /Users/dkastner/emsdk/emscripten/1.38.14
PATH: /Users/dkastner/.cargo/bin
PATH: /Users/dkastner/.nodenv/shims
PATH: /Users/dkastner/.nodenv/bin
PATH: /Users/dkastner/.rbenv/shims
PATH: /Users/dkastner/.rbenv/bin
PATH: /opt/local/bin
PATH: /opt/local/sbin
PATH: /Users/dkastner/bin
PATH: /Users/dkastner/node_modules/.bin
PATH: /usr/local/bin
PATH: /usr/bin
PATH: /bin
PATH: /usr/sbin
PATH: /sbin
PATH: /usr/local/go/bin
PATH: /usr/local/mysql/bin
PATH: /usr/local/sbin
PATH: /usr/local/share/npm/bin
PATH: /Users/dkastner/go/bin


## ----------- ##
## Core tests. ##
## ----------- ##

configure:2188: checking for a BSD-compatible install
configure:2256: result: /usr/bin/install -c
configure:2267: checking whether build environment is sane
configure:2322: result: yes
configure:2473: checking for a thread-safe mkdir -p
configure:2512: result: build-aux/install-sh -c -d
configure:2519: checking for gawk
configure:2549: result: no
configure:2519: checking for mawk
configure:2549: result: no
configure:2519: checking for nawk
configure:2549: result: no
configure:2519: checking for awk
configure:2535: found /usr/bin/awk
configure:2546: result: awk
configure:2557: checking whether make sets $(MAKE)
configure:2579: result: yes
configure:2608: checking whether make supports nested variables
configure:2625: result: yes
configure:2761: checking whether make supports nested variables
configure:2778: result: yes
configure:2837: checking for gcc
configure:2853: found /usr/bin/gcc
configure:2864: result: gcc
configure:3093: checking for C compiler version
configure:3102: gcc --version >&5
Apple LLVM version 9.1.0 (clang-902.0.39.1)
Target: x86_64-apple-darwin17.2.0
Thread model: posix
InstalledDir: /Library/Developer/CommandLineTools/usr/bin
Configured with: --prefix=/Library/Developer/CommandLineTools/usr --with-gxx-include-dir=/usr/include/c++/4.2.1
configure:3113: $? = 0
configure:3102: gcc -v >&5
Configured with: --prefix=/Library/Developer/CommandLineTools/usr --with-gxx-include-dir=/usr/include/c++/4.2.1
Apple LLVM version 9.1.0 (clang-902.0.39.1)
Target: x86_64-apple-darwin17.2.0
Thread model: posix
InstalledDir: /Library/Developer/CommandLineTools/usr/bin
configure:3113: $? = 0
configure:3102: gcc -V >&5
clang: error: argument to '-V' is missing (expected 1 value)
clang: error: no input files
configure:3113: $? = 1
configure:3102: gcc -qversion >&5
clang: error: unknown argument: '-qversion'
clang: error: no input files
configure:3113: $? = 1
configure:3133: checking whether the C compiler works
configure:3155: gcc    conftest.c  >&5
configure:3159: $? = 0
configure:3207: result: yes
configure:3210: checking for C compiler default output file name
configure:3212: result: a.out
configure:3218: checking for suffix of executables
configure:3225: gcc -o conftest    conftest.c  >&5
configure:3229: $? = 0
configure:3251: result: 
configure:3273: checking whether we are cross compiling
configure:3281: gcc -o conftest    conftest.c  >&5
configure:3285: $? = 0
configure:3292: ./conftest
configure:3296: $? = 0
configure:3311: result: no
configure:3316: checking for suffix of object files
configure:3338: gcc -c   conftest.c >&5
configure:3342: $? = 0
configure:3363: result: o
configure:3367: checking whether we are using the GNU C compiler
configure:3386: gcc -c   conftest.c >&5
configure:3386: $? = 0
configure:3395: result: yes
configure:3404: checking whether gcc accepts -g
configure:3424: gcc -c -g  conftest.c >&5
configure:3424: $? = 0
configure:3465: result: yes
configure:3482: checking for gcc option to accept ISO C89
configure:3545: gcc  -c -g -O2  conftest.c >&5
configure:3545: $? = 0
configure:3558: result: none needed
configure:3583: checking whether gcc understands -c and -o together
configure:3605: gcc -c conftest.c -o conftest2.o
configure:3608: $? = 0
configure:3605: gcc -c conftest.c -o conftest2.o
configure:3608: $? = 0
configure:3620: result: yes
configure:3648: checking for style of include used by make
configure:3676: result: GNU
configure:3702: checking dependency style of gcc
configure:3813: result: gcc3
configure:3881: checking for ar
configure:3897: found /usr/bin/ar
configure:3908: result: ar
configure:3934: checking the archiver (ar) interface
configure:3950: gcc -c -g -O2  conftest.c >&5
configure:3950: $? = 0
configure:3952: ar cru libconftest.a conftest.o >&5
configure:3955: $? = 0
configure:3983: result: ar
configure:4008: checking build system type
configure:4022: result: x86_64-apple-darwin17.2.0
configure:4042: checking host system type
configure:4055: result: x86_64-apple-darwin17.2.0
configure:4424: checking how to print strings
configure:4451: result: printf
configure:4472: checking for a sed that does not truncate output
configure:4536: result: /usr/bin/sed
configure:4554: checking for grep that handles long lines and -e
configure:4612: result: /usr/bin/grep
configure:4617: checking for egrep
configure:4679: result: /usr/bin/grep -E
configure:4684: checking for fgrep
configure:4746: result: /usr/bin/grep -F
configure:4781: checking for ld used by gcc
configure:4848: result: /Library/Developer/CommandLineTools/usr/bin/ld
configure:4855: checking if the linker (/Library/Developer/CommandLineTools/usr/bin/ld) is GNU ld
configure:4870: result: no
configure:4882: checking for BSD- or MS-compatible name lister (nm)
configure:4931: result: /usr/bin/nm -B
configure:5061: checking the name lister (/usr/bin/nm -B) interface
configure:5068: gcc -c -g -O2  conftest.c >&5
configure:5071: /usr/bin/nm -B "conftest.o"
configure:5074: output
00000000000001cc S _some_variable
configure:5081: result: BSD nm
configure:5084: checking whether ln -s works
configure:5088: result: yes
configure:5096: checking the maximum length of command line arguments
configure:5227: result: 196608
configure:5244: checking whether the shell understands some XSI constructs
configure:5254: result: yes
configure:5258: checking whether the shell understands "+="
configure:5264: result: yes
configure:5299: checking how to convert x86_64-apple-darwin17.2.0 file names to x86_64-apple-darwin17.2.0 format
configure:5339: result: func_convert_file_noop
configure:5346: checking how to convert x86_64-apple-darwin17.2.0 file names to toolchain format
configure:5366: result: func_convert_file_noop
configure:5373: checking for /Library/Developer/CommandLineTools/usr/bin/ld option to reload object files
configure:5380: result: -r
configure:5454: checking for objdump
configure:5481: result: objdump
configure:5510: checking how to recognize dependent libraries
configure:5708: result: pass_all
configure:5793: checking for dlltool
configure:5820: result: dlltool
configure:5850: checking how to associate runtime and link libraries
configure:5877: result: printf %s\n
configure:6001: checking for archiver @FILE support
configure:6018: gcc -c -g -O2  conftest.c >&5
configure:6018: $? = 0
configure:6021: ar cru libconftest.a @conftest.lst >&5
ar: @conftest.lst: No such file or directory
configure:6024: $? = 1
configure:6044: result: no
configure:6102: checking for strip
configure:6118: found /usr/bin/strip
configure:6129: result: strip
configure:6201: checking for ranlib
configure:6217: found /usr/bin/ranlib
configure:6228: result: ranlib
configure:6330: checking command to parse /usr/bin/nm -B output from gcc object
configure:6450: gcc -c -g -O2  conftest.c >&5
configure:6453: $? = 0
configure:6457: /usr/bin/nm -B conftest.o \| sed -n -e 's/^.*[ ]\([BCDEGRST][BCDEGRST]*\)[ ][ ]*\([_A-Za-z][_A-Za-z0-9]*\)$/\1 \2 \2/p' | sed '/ __gnu_lto/d' \> conftest.nm
configure:6460: $? = 0
cannot find nm_test_var in conftest.nm
configure:6450: gcc -c -g -O2  conftest.c >&5
configure:6453: $? = 0
configure:6457: /usr/bin/nm -B conftest.o \| sed -n -e 's/^.*[ ]\([BCDEGRST][BCDEGRST]*\)[ ][ ]*_\([_A-Za-z][_A-Za-z0-9]*\)$/\1 _\2 \2/p' | sed '/ __gnu_lto/d' \> conftest.nm
configure:6460: $? = 0
configure:6526: gcc -o conftest -g -O2   conftest.c conftstm.o >&5
warning: (x86_64)  could not find object file symbol for symbol _main
configure:6529: $? = 0
configure:6567: result: ok
configure:6604: checking for sysroot
configure:6634: result: no
configure:6903: checking for mt
configure:6933: result: no
configure:6953: checking if : is a manifest tool
configure:6959: : '-?'
configure:6967: result: no
configure:7023: checking for dsymutil
configure:7039: found /usr/bin/dsymutil
configure:7050: result: dsymutil
configure:7115: checking for nmedit
configure:7131: found /usr/bin/nmedit
configure:7142: result: nmedit
configure:7207: checking for lipo
configure:7223: found /usr/bin/lipo
configure:7234: result: lipo
configure:7299: checking for otool
configure:7315: found /usr/bin/otool
configure:7326: result: otool
configure:7391: checking for otool64
configure:7421: result: no
configure:7466: checking for -single_module linker flag
gcc -g -O2  -o libconftest.dylib -dynamiclib -Wl,-single_module conftest.c
configure:7499: result: yes
configure:7502: checking for -exported_symbols_list linker flag
configure:7522: gcc -o conftest -g -O2   -Wl,-exported_symbols_list,conftest.sym conftest.c  >&5
configure:7522: $? = 0
configure:7532: result: yes
configure:7535: checking for -force_load linker flag
gcc -g -O2 -c -o conftest.o conftest.c
ar cru libconftest.a conftest.o
ranlib libconftest.a
gcc -g -O2  -o conftest conftest.c -Wl,-force_load,./libconftest.a
configure:7567: result: yes
configure:7609: checking how to run the C preprocessor
configure:7640: gcc -E  conftest.c
configure:7640: $? = 0
configure:7654: gcc -E  conftest.c
conftest.c:11:10: fatal error: 'ac_nonexistent.h' file not found
#include <ac_nonexistent.h>
         ^~~~~~~~~~~~~~~~~~
1 error generated.
configure:7654: $? = 1
configure: failed program was:
| /* confdefs.h */
| #define PACKAGE_NAME "libyubikey"
| #define PACKAGE_TARNAME "libyubikey"
| #define PACKAGE_VERSION "1.13"
| #define PACKAGE_STRING "libyubikey 1.13"
| #define PACKAGE_BUGREPORT "yubico-devel@googlegroups.com"
| #define PACKAGE_URL ""
| #define PACKAGE "libyubikey"
| #define VERSION "1.13"
| /* end confdefs.h.  */
| #include <ac_nonexistent.h>
configure:7679: result: gcc -E
configure:7699: gcc -E  conftest.c
configure:7699: $? = 0
configure:7713: gcc -E  conftest.c
conftest.c:11:10: fatal error: 'ac_nonexistent.h' file not found
#include <ac_nonexistent.h>
         ^~~~~~~~~~~~~~~~~~
1 error generated.
configure:7713: $? = 1
configure: failed program was:
| /* confdefs.h */
| #define PACKAGE_NAME "libyubikey"
| #define PACKAGE_TARNAME "libyubikey"
| #define PACKAGE_VERSION "1.13"
| #define PACKAGE_STRING "libyubikey 1.13"
| #define PACKAGE_BUGREPORT "yubico-devel@googlegroups.com"
| #define PACKAGE_URL ""
| #define PACKAGE "libyubikey"
| #define VERSION "1.13"
| /* end confdefs.h.  */
| #include <ac_nonexistent.h>
configure:7742: checking for ANSI C header files
configure:7762: gcc -c -g -O2  conftest.c >&5
configure:7762: $? = 0
configure:7835: gcc -o conftest -g -O2   conftest.c  >&5
configure:7835: $? = 0
configure:7835: ./conftest
configure:7835: $? = 0
configure:7846: result: yes
configure:7859: checking for sys/types.h
configure:7859: gcc -c -g -O2  conftest.c >&5
configure:7859: $? = 0
configure:7859: result: yes
configure:7859: checking for sys/stat.h
configure:7859: gcc -c -g -O2  conftest.c >&5
configure:7859: $? = 0
configure:7859: result: yes
configure:7859: checking for stdlib.h
configure:7859: gcc -c -g -O2  conftest.c >&5
configure:7859: $? = 0
configure:7859: result: yes
configure:7859: checking for string.h
configure:7859: gcc -c -g -O2  conftest.c >&5
configure:7859: $? = 0
configure:7859: result: yes
configure:7859: checking for memory.h
configure:7859: gcc -c -g -O2  conftest.c >&5
configure:7859: $? = 0
configure:7859: result: yes
configure:7859: checking for strings.h
configure:7859: gcc -c -g -O2  conftest.c >&5
configure:7859: $? = 0
configure:7859: result: yes
configure:7859: checking for inttypes.h
configure:7859: gcc -c -g -O2  conftest.c >&5
configure:7859: $? = 0
configure:7859: result: yes
configure:7859: checking for stdint.h
configure:7859: gcc -c -g -O2  conftest.c >&5
configure:7859: $? = 0
configure:7859: result: yes
configure:7859: checking for unistd.h
configure:7859: gcc -c -g -O2  conftest.c >&5
configure:7859: $? = 0
configure:7859: result: yes
configure:7873: checking for dlfcn.h
configure:7873: gcc -c -g -O2  conftest.c >&5
configure:7873: $? = 0
configure:7873: result: yes
configure:8077: checking for objdir
configure:8092: result: .libs
configure:8363: checking if gcc supports -fno-rtti -fno-exceptions
configure:8381: gcc -c -g -O2  -fno-rtti -fno-exceptions conftest.c >&5
configure:8385: $? = 0
configure:8398: result: yes
configure:8725: checking for gcc option to produce PIC
configure:8732: result: -fno-common -DPIC
configure:8740: checking if gcc PIC flag -fno-common -DPIC works
configure:8758: gcc -c -g -O2  -fno-common -DPIC -DPIC conftest.c >&5
configure:8762: $? = 0
configure:8775: result: yes
configure:8804: checking if gcc static flag -static works
configure:8832: result: no
configure:8847: checking if gcc supports -c -o file.o
configure:8868: gcc -c -g -O2  -o out/conftest2.o conftest.c >&5
configure:8872: $? = 0
configure:8894: result: yes
configure:8902: checking if gcc supports -c -o file.o
configure:8949: result: yes
configure:8982: checking whether the gcc linker (/Library/Developer/CommandLineTools/usr/bin/ld) supports shared libraries
configure:10139: result: yes
configure:10379: checking dynamic linker characteristics
configure:11113: result: darwin17.2.0 dyld
configure:11220: checking how to hardcode library paths into programs
configure:11245: result: immediate
configure:11785: checking whether stripping libraries is possible
configure:11799: result: yes
configure:11825: checking if libtool supports shared libraries
configure:11827: result: yes
configure:11830: checking whether to build shared libraries
configure:11851: result: yes
configure:11854: checking whether to build static libraries
configure:11858: result: yes
configure:11906: checking if LD -Wl,--version-script works
configure:11924: gcc -o conftest -g -O2   -Wl,--version-script=conftest.map conftest.c  >&5
ld: unknown option: --version-script=conftest.map
clang: error: linker command failed with exit code 1 (use -v to see invocation)
configure:11924: $? = 1
configure: failed program was:
| /* confdefs.h */
| #define PACKAGE_NAME "libyubikey"
| #define PACKAGE_TARNAME "libyubikey"
| #define PACKAGE_VERSION "1.13"
| #define PACKAGE_STRING "libyubikey 1.13"
| #define PACKAGE_BUGREPORT "yubico-devel@googlegroups.com"
| #define PACKAGE_URL ""
| #define PACKAGE "libyubikey"
| #define VERSION "1.13"
| #define STDC_HEADERS 1
| #define HAVE_SYS_TYPES_H 1
| #define HAVE_SYS_STAT_H 1
| #define HAVE_STDLIB_H 1
| #define HAVE_STRING_H 1
| #define HAVE_MEMORY_H 1
| #define HAVE_STRINGS_H 1
| #define HAVE_INTTYPES_H 1
| #define HAVE_STDINT_H 1
| #define HAVE_UNISTD_H 1
| #define HAVE_DLFCN_H 1
| #define LT_OBJDIR ".libs/"
| /* end confdefs.h.  */
| 
| int
| main ()
| {
| 
|   ;
|   return 0;
| }
configure:11952: gcc -o conftest -g -O2   -Wl,--version-script=conftest.map conftest.c  >&5
ld: unknown option: --version-script=conftest.map
clang: error: linker command failed with exit code 1 (use -v to see invocation)
configure:11952: $? = 1
configure: failed program was:
| /* confdefs.h */
| #define PACKAGE_NAME "libyubikey"
| #define PACKAGE_TARNAME "libyubikey"
| #define PACKAGE_VERSION "1.13"
| #define PACKAGE_STRING "libyubikey 1.13"
| #define PACKAGE_BUGREPORT "yubico-devel@googlegroups.com"
| #define PACKAGE_URL ""
| #define PACKAGE "libyubikey"
| #define VERSION "1.13"
| #define STDC_HEADERS 1
| #define HAVE_SYS_TYPES_H 1
| #define HAVE_SYS_STAT_H 1
| #define HAVE_STDLIB_H 1
| #define HAVE_STRING_H 1
| #define HAVE_MEMORY_H 1
| #define HAVE_STRINGS_H 1
| #define HAVE_INTTYPES_H 1
| #define HAVE_STDINT_H 1
| #define HAVE_UNISTD_H 1
| #define HAVE_DLFCN_H 1
| #define LT_OBJDIR ".libs/"
| /* end confdefs.h.  */
| 
| int
| main ()
| {
| 
|   ;
|   return 0;
| }
configure:11964: result: no
configure:11991: checking for valgrind
configure:12021: result: no
configure:12042: checking whether self tests are run under valgrind
configure:12044: result: no
configure:12486: checking that generated files are newer than configure
configure:12492: result: done
configure:12519: creating ./config.status

## ---------------------- ##
## Running config.status. ##
## ---------------------- ##

This file was extended by libyubikey config.status 1.13, which was
generated by GNU Autoconf 2.69.  Invocation command line was

  CONFIG_FILES    = 
  CONFIG_HEADERS  = 
  CONFIG_LINKS    = 
  CONFIG_COMMANDS = 
  $ ./config.status 

on caprica.local

config.status:1011: creating Makefile
config.status:1011: creating tests/Makefile
config.status:1183: executing depfiles commands
config.status:1183: executing libtool commands
configure:14574: summary of build options:

  version:          1.13 shared 1:7:1 major  minor  patch  number 
  Host type:        x86_64-apple-darwin17.2.0
  Install prefix:   /usr/local
  Compiler:         gcc
  Compiler CFLAGS:  -g -O2
  Warning flags:    
  Library types:    Shared=yes, Static=yes
  Valgrind:         
  Version script:   no


## ---------------- ##
## Cache variables. ##
## ---------------- ##

ac_cv_build=x86_64-apple-darwin17.2.0
ac_cv_c_compiler_gnu=yes
ac_cv_env_CC_set=
ac_cv_env_CC_value=
ac_cv_env_CFLAGS_set=
ac_cv_env_CFLAGS_value=
ac_cv_env_CPPFLAGS_set=
ac_cv_env_CPPFLAGS_value=
ac_cv_env_CPP_set=
ac_cv_env_CPP_value=
ac_cv_env_LDFLAGS_set=
ac_cv_env_LDFLAGS_value=
ac_cv_env_LIBS_set=
ac_cv_env_LIBS_value=
ac_cv_env_build_alias_set=
ac_cv_env_build_alias_value=
ac_cv_env_host_alias_set=
ac_cv_env_host_alias_value=
ac_cv_env_target_alias_set=
ac_cv_env_target_alias_value=
ac_cv_header_dlfcn_h=yes
ac_cv_header_inttypes_h=yes
ac_cv_header_memory_h=yes
ac_cv_header_stdc=yes
ac_cv_header_stdint_h=yes
ac_cv_header_stdlib_h=yes
ac_cv_header_string_h=yes
ac_cv_header_strings_h=yes
ac_cv_header_sys_stat_h=yes
ac_cv_header_sys_types_h=yes
ac_cv_header_unistd_h=yes
ac_cv_host=x86_64-apple-darwin17.2.0
ac_cv_objext=o
ac_cv_path_EGREP='/usr/bin/grep -E'
ac_cv_path_FGREP='/usr/bin/grep -F'
ac_cv_path_GREP=/usr/bin/grep
ac_cv_path_SED=/usr/bin/sed
ac_cv_path_install='/usr/bin/install -c'
ac_cv_prog_AWK=awk
ac_cv_prog_CPP='gcc -E'
ac_cv_prog_ac_ct_AR=ar
ac_cv_prog_ac_ct_CC=gcc
ac_cv_prog_ac_ct_DLLTOOL=dlltool
ac_cv_prog_ac_ct_DSYMUTIL=dsymutil
ac_cv_prog_ac_ct_LIPO=lipo
ac_cv_prog_ac_ct_NMEDIT=nmedit
ac_cv_prog_ac_ct_OBJDUMP=objdump
ac_cv_prog_ac_ct_OTOOL=otool
ac_cv_prog_ac_ct_RANLIB=ranlib
ac_cv_prog_ac_ct_STRIP=strip
ac_cv_prog_cc_c89=
ac_cv_prog_cc_g=yes
ac_cv_prog_make_make_set=yes
am_cv_CC_dependencies_compiler_type=gcc3
am_cv_ar_interface=ar
am_cv_make_support_nested_variables=yes
am_cv_prog_cc_c_o=yes
lt_cv_apple_cc_single_mod=yes
lt_cv_ar_at_file=no
lt_cv_deplibs_check_method=pass_all
lt_cv_file_magic_cmd='$MAGIC_CMD'
lt_cv_file_magic_test_file=
lt_cv_ld_exported_symbols_list=yes
lt_cv_ld_force_load=yes
lt_cv_ld_reload_flag=-r
lt_cv_nm_interface='BSD nm'
lt_cv_objdir=.libs
lt_cv_path_LD=/Library/Developer/CommandLineTools/usr/bin/ld
lt_cv_path_NM='/usr/bin/nm -B'
lt_cv_path_mainfest_tool=no
lt_cv_prog_compiler_c_o=yes
lt_cv_prog_compiler_pic='-fno-common -DPIC'
lt_cv_prog_compiler_pic_works=yes
lt_cv_prog_compiler_rtti_exceptions=yes
lt_cv_prog_compiler_static_works=no
lt_cv_prog_gnu_ld=no
lt_cv_sharedlib_from_linklib_cmd='printf %s\n'
lt_cv_sys_global_symbol_pipe='sed -n -e '\''s/^.*[	 ]\([BCDEGRST][BCDEGRST]*\)[	 ][	 ]*_\([_A-Za-z][_A-Za-z0-9]*\)$/\1 _\2 \2/p'\'' | sed '\''/ __gnu_lto/d'\'''
lt_cv_sys_global_symbol_to_c_name_address='sed -n -e '\''s/^: \([^ ]*\)[ ]*$/  {\"\1\", (void *) 0},/p'\'' -e '\''s/^[BCDEGRST]* \([^ ]*\) \([^ ]*\)$/  {"\2", (void *) \&\2},/p'\'''
lt_cv_sys_global_symbol_to_c_name_address_lib_prefix='sed -n -e '\''s/^: \([^ ]*\)[ ]*$/  {\"\1\", (void *) 0},/p'\'' -e '\''s/^[BCDEGRST]* \([^ ]*\) \(lib[^ ]*\)$/  {"\2", (void *) \&\2},/p'\'' -e '\''s/^[BCDEGRST]* \([^ ]*\) \([^ ]*\)$/  {"lib\2", (void *) \&\2},/p'\'''
lt_cv_sys_global_symbol_to_cdecl='sed -n -e '\''s/^T .* \(.*\)$/extern int \1();/p'\'' -e '\''s/^[BCDEGRST]* .* \(.*\)$/extern char \1;/p'\'''
lt_cv_sys_max_cmd_len=196608
lt_cv_to_host_file_cmd=func_convert_file_noop
lt_cv_to_tool_file_cmd=func_convert_file_noop

## ----------------- ##
## Output variables. ##
## ----------------- ##

A2X='${SHELL} /Users/dkastner/libyubikey-1.13/build-aux/missing a2x'
ACLOCAL='${SHELL} /Users/dkastner/libyubikey-1.13/build-aux/missing aclocal-1.14'
AMDEPBACKSLASH='\'
AMDEP_FALSE='#'
AMDEP_TRUE=''
AMTAR='$${TAR-tar}'
AM_BACKSLASH='\'
AM_DEFAULT_V='$(AM_DEFAULT_VERBOSITY)'
AM_DEFAULT_VERBOSITY='0'
AM_V='$(V)'
AR='ar'
AS='as'
AUTOCONF='${SHELL} /Users/dkastner/libyubikey-1.13/build-aux/missing autoconf'
AUTOHEADER='${SHELL} /Users/dkastner/libyubikey-1.13/build-aux/missing autoheader'
AUTOMAKE='${SHELL} /Users/dkastner/libyubikey-1.13/build-aux/missing automake-1.14'
AWK='awk'
CC='gcc'
CCDEPMODE='depmode=gcc3'
CFLAGS='-g -O2'
CPP='gcc -E'
CPPFLAGS=''
CYGPATH_W='echo'
DEFS='-DPACKAGE_NAME=\"libyubikey\" -DPACKAGE_TARNAME=\"libyubikey\" -DPACKAGE_VERSION=\"1.13\" -DPACKAGE_STRING=\"libyubikey\ 1.13\" -DPACKAGE_BUGREPORT=\"yubico-devel@googlegroups.com\" -DPACKAGE_URL=\"\" -DPACKAGE=\"libyubikey\" -DVERSION=\"1.13\" -DSTDC_HEADERS=1 -DHAVE_SYS_TYPES_H=1 -DHAVE_SYS_STAT_H=1 -DHAVE_STDLIB_H=1 -DHAVE_STRING_H=1 -DHAVE_MEMORY_H=1 -DHAVE_STRINGS_H=1 -DHAVE_INTTYPES_H=1 -DHAVE_STDINT_H=1 -DHAVE_UNISTD_H=1 -DHAVE_DLFCN_H=1 -DLT_OBJDIR=\".libs/\"'
DEPDIR='.deps'
DLLTOOL='dlltool'
DSYMUTIL='dsymutil'
DUMPBIN=''
ECHO_C='\c'
ECHO_N=''
ECHO_T=''
EGREP='/usr/bin/grep -E'
EXEEXT=''
FGREP='/usr/bin/grep -F'
GREP='/usr/bin/grep'
HAVE_LD_VERSION_SCRIPT_FALSE=''
HAVE_LD_VERSION_SCRIPT_TRUE='#'
INSTALL_DATA='${INSTALL} -m 644'
INSTALL_PROGRAM='${INSTALL}'
INSTALL_SCRIPT='${INSTALL}'
INSTALL_STRIP_PROGRAM='$(install_sh) -c -s'
LD='/Library/Developer/CommandLineTools/usr/bin/ld'
LDFLAGS=''
LIBOBJS=''
LIBS=''
LIBTOOL='$(SHELL) $(top_builddir)/libtool'
LIPO='lipo'
LN_S='ln -s'
LTLIBOBJS=''
LT_AGE='1'
LT_CURRENT='1'
LT_REVISION='7'
MAKEINFO='${SHELL} /Users/dkastner/libyubikey-1.13/build-aux/missing makeinfo'
MANIFEST_TOOL=':'
MKDIR_P='build-aux/install-sh -c -d'
NM='/usr/bin/nm -B'
NMEDIT='nmedit'
OBJDUMP='objdump'
OBJEXT='o'
OTOOL64=':'
OTOOL='otool'
PACKAGE='libyubikey'
PACKAGE_BUGREPORT='yubico-devel@googlegroups.com'
PACKAGE_NAME='libyubikey'
PACKAGE_STRING='libyubikey 1.13'
PACKAGE_TARNAME='libyubikey'
PACKAGE_URL=''
PACKAGE_VERSION='1.13'
PATH_SEPARATOR=':'
RANLIB='ranlib'
SED='/usr/bin/sed'
SET_MAKE=''
SHELL='/bin/sh'
STRIP='strip'
VALGRIND=''
VERSION='1.13'
WARN_CFLAGS=''
ac_ct_AR='ar'
ac_ct_CC='gcc'
ac_ct_DUMPBIN=''
am__EXEEXT_FALSE=''
am__EXEEXT_TRUE='#'
am__fastdepCC_FALSE='#'
am__fastdepCC_TRUE=''
am__include='include'
am__isrc=''
am__leading_dot='.'
am__nodep='_no'
am__quote=''
am__tar='$${TAR-tar} chof - "$$tardir"'
am__untar='$${TAR-tar} xf -'
bindir='${exec_prefix}/bin'
build='x86_64-apple-darwin17.2.0'
build_alias=''
build_cpu='x86_64'
build_os='darwin17.2.0'
build_vendor='apple'
datadir='${datarootdir}'
datarootdir='${prefix}/share'
docdir='${datarootdir}/doc/${PACKAGE_TARNAME}'
dvidir='${docdir}'
exec_prefix='${prefix}'
host='x86_64-apple-darwin17.2.0'
host_alias=''
host_cpu='x86_64'
host_os='darwin17.2.0'
host_vendor='apple'
htmldir='${docdir}'
includedir='${prefix}/include'
infodir='${datarootdir}/info'
install_sh='${SHELL} /Users/dkastner/libyubikey-1.13/build-aux/install-sh'
libdir='${exec_prefix}/lib'
libexecdir='${exec_prefix}/libexec'
localedir='${datarootdir}/locale'
localstatedir='${prefix}/var'
mandir='${datarootdir}/man'
mkdir_p='$(MKDIR_P)'
oldincludedir='/usr/include'
pdfdir='${docdir}'
prefix='/usr/local'
program_transform_name='s,x,x,'
psdir='${docdir}'
sbindir='${exec_prefix}/sbin'
sharedstatedir='${prefix}/com'
sysconfdir='${prefix}/etc'
target_alias=''

## ----------- ##
## confdefs.h. ##
## ----------- ##

/* confdefs.h */
#define PACKAGE_NAME "libyubikey"
#define PACKAGE_TARNAME "libyubikey"
#define PACKAGE_VERSION "1.13"
#define PACKAGE_STRING "libyubikey 1.13"
#define PACKAGE_BUGREPORT "yubico-devel@googlegroups.com"
#define PACKAGE_URL ""
#define PACKAGE "libyubikey"
#define VERSION "1.13"
#define STDC_HEADERS 1
#define HAVE_SYS_TYPES_H 1
#define HAVE_SYS_STAT_H 1
#define HAVE_STDLIB_H 1
#define HAVE_STRING_H 1
#define HAVE_MEMORY_H 1
#define HAVE_STRINGS_H 1
#define HAVE_INTTYPES_H 1
#define HAVE_STDINT_H 1
#define HAVE_UNISTD_H 1
#define HAVE_DLFCN_H 1
#define LT_OBJDIR ".libs/"

configure: exit 0
